<?xml version="1.0" encoding="UTF-8"?>
<!-- Generated by org.testng.reporters.JUnitReportReporter -->
<testsuite hostname="CISPL-IO-756.local" failures="0" tests="1" name="com.ui.tests.ProjectPageTest" time="2.876" errors="0" timestamp="2024-06-18T20:37:41 IST" skipped="0">
  <testcase classname="com.ui.tests.ProjectPageTest" name="testSelectProjectFromList" time="2.876"/>
  <system-out/>
</testsuite> <!-- com.ui.tests.ProjectPageTest -->
