<?xml version="1.0" encoding="UTF-8"?>
<!-- Generated by org.testng.reporters.JUnitReportReporter -->
<testsuite hostname="CISPL-IO-756.local" failures="0" tests="3" name="com.ui.tests.ProjectDetailsPageTest" time="0.001" errors="1" timestamp="2024-06-19T11:36:08 IST" skipped="2">
  <testcase classname="com.ui.tests.ProjectDetailsPageTest" name="testQuotationDetails" time="0.000">
    <skipped/>
  </testcase> <!-- testQuotationDetails -->
  <system-out/>
  <testcase classname="com.ui.tests.ProjectDetailsPageTest" name="goToQuotationPage" time="0.001">
    <error message="Cannot invoke &quot;com.ui.pages.LoginPage.doLogin()&quot; because &quot;this.loginPage&quot; is null" type="java.lang.NullPointerException">
      <![CDATA[java.lang.NullPointerException: Cannot invoke "com.ui.pages.LoginPage.doLogin()" because "this.loginPage" is null
at com.ui.tests.ProjectDetailsPageTest.goToQuotationPage(ProjectDetailsPageTest.java:21)
at java.base/jdk.internal.reflect.DirectMethodHandleAccessor.invoke(DirectMethodHandleAccessor.java:103)
at java.base/java.lang.reflect.Method.invoke(Method.java:580)
at org.testng.internal.MethodInvocationHelper.invokeMethod(MethodInvocationHelper.java:133)
at org.testng.internal.MethodInvocationHelper.invokeMethodConsideringTimeout(MethodInvocationHelper.java:62)
at org.testng.internal.ConfigInvoker.invokeConfigurationMethod(ConfigInvoker.java:385)
at org.testng.internal.ConfigInvoker.invokeConfigurations(ConfigInvoker.java:321)
at org.testng.internal.TestMethodWorker.invokeBeforeClassMethods(TestMethodWorker.java:176)
at org.testng.internal.TestMethodWorker.run(TestMethodWorker.java:122)
at java.base/java.util.concurrent.ThreadPoolExecutor.runWorker(ThreadPoolExecutor.java:1144)
at java.base/java.util.concurrent.ThreadPoolExecutor$Worker.run(ThreadPoolExecutor.java:642)
at java.base/java.lang.Thread.run(Thread.java:1583)
]]>
    </error>
  </testcase> <!-- goToQuotationPage -->
  <system-out/>
  <testcase classname="com.ui.tests.ProjectDetailsPageTest" name="testUserRedirectsQuatationPageByClickingDetailedEstimate" time="0.000">
    <skipped/>
  </testcase> <!-- testUserRedirectsQuatationPageByClickingDetailedEstimate -->
  <system-out/>
</testsuite> <!-- com.ui.tests.ProjectDetailsPageTest -->
