<?xml version="1.0" encoding="UTF-8"?>
<!-- Generated by org.testng.reporters.JUnitReportReporter -->
<testsuite hostname="CISPL-IO-756.local" failures="0" tests="1" name="com.ui.tests.LoginPageTest" time="0.526" errors="0" timestamp="2024-06-19T11:36:08 IST" skipped="0">
  <testcase classname="com.ui.tests.LoginPageTest" name="doLogin" time="0.526"/>
  <system-out/>
</testsuite> <!-- com.ui.tests.LoginPageTest -->
