<?xml version="1.0" encoding="UTF-8"?>
<!-- Generated by org.testng.reporters.JUnitReportReporter -->
<testsuite hostname="CISPL-IO-756.local" failures="0" tests="1" name="com.ui.tests.ProjectListPageTest" time="0.541" errors="0" timestamp="2024-06-19T12:24:55 IST" skipped="0">
  <testcase classname="com.ui.tests.ProjectListPageTest" name="testUserRedirectProjectDetailsPageAfterSelectingProject" time="0.541"/>
  <system-out/>
</testsuite> <!-- com.ui.tests.ProjectListPageTest -->
