<?xml version="1.0" encoding="UTF-8"?>
<!-- Generated by org.testng.reporters.JUnitReportReporter -->
<testsuite hostname="CISPL-IO-756.local" failures="0" tests="2" name="com.ui.tests.ProjectDetailsPageTest" time="1.193" errors="0" timestamp="2024-06-19T12:25:09 IST" skipped="0">
  <testcase classname="com.ui.tests.ProjectDetailsPageTest" name="testUserRedirectsQuatationPageByClickingDetailedEstimate" time="0.543"/>
  <testcase classname="com.ui.tests.ProjectDetailsPageTest" name="testQuotationDetails" time="0.650"/>
</testsuite> <!-- com.ui.tests.ProjectDetailsPageTest -->
