<?xml version="1.0" encoding="UTF-8"?>
<!-- Generated by org.testng.reporters.JUnitReportReporter -->
<testsuite hostname="CISPL-IO-756.local" failures="0" tests="2" name="com.ui.tests.ProjectDetailsPageTest" time="1.233" errors="0" timestamp="2024-06-19T12:32:48 IST" skipped="0">
  <testcase classname="com.ui.tests.ProjectDetailsPageTest" name="testUserRedirectsQuatationPageByClickingDetailedEstimate" time="0.561"/>
  <testcase classname="com.ui.tests.ProjectDetailsPageTest" name="testQuotationDetails" time="0.672"/>
</testsuite> <!-- com.ui.tests.ProjectDetailsPageTest -->
